<?xml version="1.0" encoding="UTF-8"?>
<!-- Generated by org.testng.reporters.JUnitXMLReporter -->
<testsuite ignored="0" hostname="DESKTOP-K79FGMR" failures="0" tests="5" name="Default test" time="7.756" errors="0" timestamp="2022-05-23T11:20:41 IST">
  <testcase classname="Restassuredtests.BasicValidation_xml" name="testsingleContent" time="3.835"/>
  <testcase classname="Restassuredtests.BasicValidation_xml" name="testMulitpleContents" time="1.044"/>
  <testcase classname="Restassuredtests.BasicValidation_xml" name="testMulitpleContentsoneGo" time="0.826"/>
  <testcase classname="Restassuredtests.BasicValidation_xml" name="testUsingXpath1" time="0.964"/>
  <testcase classname="Restassuredtests.BasicValidation_xml" name="testUsingXpath2" time="0.915"/>
</testsuite> <!-- Default test -->
