<?xml version="1.0" encoding="UTF-8"?>
<testng-results ignored="0" total="5" passed="5" failed="0" skipped="0">
  <reporter-output>
  </reporter-output>
  <suite started-at="2022-05-23T11:20:33 IST" name="Default suite" finished-at="2022-05-23T11:20:41 IST" duration-ms="7756">
    <groups>
    </groups>
    <test started-at="2022-05-23T11:20:33 IST" name="Default test" finished-at="2022-05-23T11:20:41 IST" duration-ms="7756">
      <class name="Restassuredtests.BasicValidation_xml">
        <test-method signature="testsingleContent()[pri:1, instance:Restassuredtests.BasicValidation_xml@15bbf42f]" started-at="2022-05-23T11:20:33 IST" name="testsingleContent" finished-at="2022-05-23T11:20:37 IST" duration-ms="3835" status="PASS">
          <reporter-output>
          </reporter-output>
        </test-method> <!-- testsingleContent -->
        <test-method signature="testMulitpleContents()[pri:2, instance:Restassuredtests.BasicValidation_xml@15bbf42f]" started-at="2022-05-23T11:20:37 IST" name="testMulitpleContents" finished-at="2022-05-23T11:20:38 IST" duration-ms="1044" status="PASS">
          <reporter-output>
          </reporter-output>
        </test-method> <!-- testMulitpleContents -->
        <test-method signature="testMulitpleContentsoneGo()[pri:3, instance:Restassuredtests.BasicValidation_xml@15bbf42f]" started-at="2022-05-23T11:20:38 IST" name="testMulitpleContentsoneGo" finished-at="2022-05-23T11:20:39 IST" duration-ms="826" status="PASS">
          <reporter-output>
          </reporter-output>
        </test-method> <!-- testMulitpleContentsoneGo -->
        <test-method signature="testUsingXpath1()[pri:4, instance:Restassuredtests.BasicValidation_xml@15bbf42f]" started-at="2022-05-23T11:20:39 IST" name="testUsingXpath1" finished-at="2022-05-23T11:20:40 IST" duration-ms="964" status="PASS">
          <reporter-output>
          </reporter-output>
        </test-method> <!-- testUsingXpath1 -->
        <test-method signature="testUsingXpath2()[pri:5, instance:Restassuredtests.BasicValidation_xml@15bbf42f]" started-at="2022-05-23T11:20:40 IST" name="testUsingXpath2" finished-at="2022-05-23T11:20:41 IST" duration-ms="915" status="PASS">
          <reporter-output>
          </reporter-output>
        </test-method> <!-- testUsingXpath2 -->
      </class> <!-- Restassuredtests.BasicValidation_xml -->
    </test> <!-- Default test -->
  </suite> <!-- Default suite -->
</testng-results>
